TN:
SF:src\server.js
FN:25,getUsers
FN:29,getUser
FN:33,createUser
FN:39,updateUser
FN:45,getUserQuotes
FN:51,addQuote
FN:55,getUserQuotesDate
FN:124,(anonymous_7)
FN:129,(anonymous_8)
FN:135,(anonymous_9)
FN:141,(anonymous_10)
FN:155,(anonymous_11)
FN:161,(anonymous_12)
FN:179,(anonymous_13)
FN:213,(anonymous_14)
FN:226,(anonymous_15)
FN:234,(anonymous_16)
FN:244,(anonymous_17)
FN:256,(anonymous_18)
FN:277,(anonymous_19)
FN:287,(anonymous_20)
FN:322,(anonymous_21)
FN:372,(anonymous_22)
FN:382,(anonymous_23)
FN:431,(anonymous_24)
FN:450,(anonymous_25)
FNF:26
FNH:7
FNDA:2,getUsers
FNDA:1,getUser
FNDA:1,createUser
FNDA:1,updateUser
FNDA:1,getUserQuotes
FNDA:1,addQuote
FNDA:0,getUserQuotesDate
FNDA:0,(anonymous_7)
FNDA:0,(anonymous_8)
FNDA:0,(anonymous_9)
FNDA:0,(anonymous_10)
FNDA:0,(anonymous_11)
FNDA:0,(anonymous_12)
FNDA:0,(anonymous_13)
FNDA:0,(anonymous_14)
FNDA:0,(anonymous_15)
FNDA:0,(anonymous_16)
FNDA:0,(anonymous_17)
FNDA:0,(anonymous_18)
FNDA:0,(anonymous_19)
FNDA:0,(anonymous_20)
FNDA:0,(anonymous_21)
FNDA:0,(anonymous_22)
FNDA:0,(anonymous_23)
FNDA:0,(anonymous_24)
FNDA:1,(anonymous_25)
DA:14,1
DA:15,1
DA:16,1
DA:18,1
DA:26,2
DA:27,2
DA:30,1
DA:31,1
DA:34,1
DA:35,0
DA:40,1
DA:41,1
DA:46,1
DA:47,1
DA:52,1
DA:53,0
DA:56,0
DA:57,0
DA:59,1
DA:95,1
DA:96,1
DA:97,1
DA:98,1
DA:101,1
DA:102,1
DA:104,1
DA:106,1
DA:108,1
DA:110,1
DA:111,1
DA:124,1
DA:125,0
DA:129,1
DA:130,0
DA:135,1
DA:137,0
DA:141,1
DA:142,0
DA:146,1
DA:155,1
DA:156,0
DA:161,1
DA:162,0
DA:169,1
DA:179,1
DA:180,0
DA:181,0
DA:184,0
DA:185,0
DA:189,0
DA:190,0
DA:192,0
DA:193,0
DA:195,0
DA:196,0
DA:198,0
DA:199,0
DA:201,0
DA:202,0
DA:204,0
DA:205,0
DA:209,0
DA:213,1
DA:216,0
DA:219,0
DA:226,1
DA:227,0
DA:234,1
DA:236,0
DA:242,1
DA:246,0
DA:247,0
DA:257,0
DA:258,0
DA:260,0
DA:261,0
DA:263,0
DA:264,0
DA:267,0
DA:269,0
DA:270,0
DA:272,0
DA:273,0
DA:278,0
DA:279,0
DA:282,0
DA:285,0
DA:288,0
DA:289,0
DA:290,0
DA:291,0
DA:292,0
DA:293,0
DA:296,0
DA:297,0
DA:298,0
DA:299,0
DA:300,0
DA:301,0
DA:303,0
DA:307,0
DA:308,0
DA:311,0
DA:313,0
DA:314,0
DA:315,0
DA:318,0
DA:319,0
DA:324,0
DA:331,0
DA:332,0
DA:335,0
DA:336,0
DA:340,0
DA:341,0
DA:342,0
DA:350,0
DA:359,0
DA:360,0
DA:361,0
DA:363,0
DA:364,0
DA:365,0
DA:367,0
DA:368,0
DA:369,0
DA:373,0
DA:374,0
DA:375,0
DA:377,0
DA:378,0
DA:383,0
DA:384,0
DA:386,0
DA:388,0
DA:390,0
DA:391,0
DA:392,0
DA:398,0
DA:399,0
DA:400,0
DA:401,0
DA:402,0
DA:403,0
DA:404,0
DA:405,0
DA:406,0
DA:407,0
DA:408,0
DA:409,0
DA:410,0
DA:412,0
DA:414,0
DA:415,0
DA:419,0
DA:420,0
DA:424,0
DA:427,0
DA:428,0
DA:432,0
DA:433,0
DA:435,0
DA:436,0
DA:450,1
DA:451,1
LF:165
LH:41
BRDA:184,0,0,0
BRDA:184,0,1,0
BRDA:184,1,0,0
BRDA:184,1,1,0
BRDA:184,1,2,0
BRDA:184,1,3,0
BRDA:184,1,4,0
BRDA:189,2,0,0
BRDA:189,2,1,0
BRDA:192,3,0,0
BRDA:192,3,1,0
BRDA:195,4,0,0
BRDA:195,4,1,0
BRDA:195,5,0,0
BRDA:195,5,1,0
BRDA:198,6,0,0
BRDA:198,6,1,0
BRDA:201,7,0,0
BRDA:201,7,1,0
BRDA:204,8,0,0
BRDA:204,8,1,0
BRDA:261,9,0,0
BRDA:261,9,1,0
BRDA:278,10,0,0
BRDA:278,10,1,0
BRDA:307,11,0,0
BRDA:307,11,1,0
BRDA:307,12,0,0
BRDA:307,12,1,0
BRDA:307,12,2,0
BRDA:307,12,3,0
BRDA:307,12,4,0
BRDA:331,13,0,0
BRDA:331,13,1,0
BRDA:331,14,0,0
BRDA:331,14,1,0
BRDA:335,15,0,0
BRDA:335,15,1,0
BRDA:335,16,0,0
BRDA:335,16,1,0
BRDA:373,17,0,0
BRDA:373,17,1,0
BRDA:390,18,0,0
BRDA:390,18,1,0
BRDA:399,19,0,0
BRDA:399,19,1,0
BRDA:412,20,0,0
BRDA:412,20,1,0
BRF:48
BRH:0
end_of_record
