<?xml version="1.0" encoding="UTF-8"?>
<coverage generated="1682127098098" clover="3.2.0">
  <project timestamp="1682127098098" name="All files">
    <metrics statements="182" coveredstatements="137" conditionals="54" coveredconditionals="37" methods="20" coveredmethods="18" elements="256" coveredelements="192" complexity="0" loc="182" ncloc="182" packages="1" files="1" classes="1"/>
    <file name="server.js" path="/Users/ojasgupta/Documents/GitHub/4353-Group-38/src/server.js">
      <metrics statements="182" coveredstatements="137" conditionals="54" coveredconditionals="37" methods="20" coveredmethods="18"/>
      <line num="11" count="1" type="stmt"/>
      <line num="12" count="1" type="stmt"/>
      <line num="13" count="1" type="stmt"/>
      <line num="16" count="1" type="stmt"/>
      <line num="24" count="1" type="stmt"/>
      <line num="25" count="1" type="stmt"/>
      <line num="28" count="7" type="stmt"/>
      <line num="29" count="7" type="stmt"/>
      <line num="32" count="1" type="stmt"/>
      <line num="33" count="0" type="stmt"/>
      <line num="38" count="2" type="stmt"/>
      <line num="39" count="2" type="stmt"/>
      <line num="44" count="1" type="stmt"/>
      <line num="45" count="1" type="stmt"/>
      <line num="50" count="2" type="stmt"/>
      <line num="51" count="2" type="stmt"/>
      <line num="54" count="1" type="stmt"/>
      <line num="55" count="1" type="stmt"/>
      <line num="83" count="1" type="stmt"/>
      <line num="84" count="1" type="stmt"/>
      <line num="85" count="1" type="stmt"/>
      <line num="86" count="1" type="stmt"/>
      <line num="89" count="1" type="stmt"/>
      <line num="90" count="1" type="stmt"/>
      <line num="92" count="1" type="stmt"/>
      <line num="94" count="1" type="stmt"/>
      <line num="96" count="1" type="stmt"/>
      <line num="98" count="1" type="stmt"/>
      <line num="99" count="1" type="stmt"/>
      <line num="115" count="1" type="stmt"/>
      <line num="116" count="1" type="stmt"/>
      <line num="117" count="1" type="stmt"/>
      <line num="118" count="1" type="stmt"/>
      <line num="119" count="1" type="stmt"/>
      <line num="120" count="1" type="stmt"/>
      <line num="121" count="1" type="stmt"/>
      <line num="122" count="1" type="stmt"/>
      <line num="123" count="1" type="stmt"/>
      <line num="127" count="1" type="stmt"/>
      <line num="128" count="2" type="stmt"/>
      <line num="132" count="1" type="stmt"/>
      <line num="143" count="0" type="stmt"/>
      <line num="145" count="0" type="stmt"/>
      <line num="150" count="1" type="stmt"/>
      <line num="152" count="3" type="stmt"/>
      <line num="153" count="3" type="stmt"/>
      <line num="159" count="3" type="stmt"/>
      <line num="160" count="3" type="cond" truecount="1" falsecount="1"/>
      <line num="162" count="3" type="stmt"/>
      <line num="163" count="3" type="stmt"/>
      <line num="166" count="0" type="stmt"/>
      <line num="168" count="0" type="stmt"/>
      <line num="169" count="0" type="stmt"/>
      <line num="171" count="0" type="stmt"/>
      <line num="178" count="1" type="stmt"/>
      <line num="180" count="2" type="cond" truecount="1" falsecount="1"/>
      <line num="181" count="0" type="stmt"/>
      <line num="184" count="2" type="stmt"/>
      <line num="190" count="1" type="stmt"/>
      <line num="191" count="2" type="stmt"/>
      <line num="192" count="2" type="stmt"/>
      <line num="193" count="2" type="stmt"/>
      <line num="194" count="2" type="stmt"/>
      <line num="195" count="2" type="stmt"/>
      <line num="196" count="2" type="stmt"/>
      <line num="199" count="2" type="stmt"/>
      <line num="200" count="2" type="stmt"/>
      <line num="201" count="2" type="stmt"/>
      <line num="202" count="2" type="stmt"/>
      <line num="203" count="2" type="stmt"/>
      <line num="204" count="2" type="stmt"/>
      <line num="206" count="2" type="stmt"/>
      <line num="210" count="2" type="cond" truecount="7" falsecount="0"/>
      <line num="211" count="1" type="stmt"/>
      <line num="214" count="1" type="stmt"/>
      <line num="216" count="1" type="stmt"/>
      <line num="217" count="1" type="stmt"/>
      <line num="220" count="1" type="stmt"/>
      <line num="225" count="1" type="stmt"/>
      <line num="234" count="1" type="stmt"/>
      <line num="235" count="3" type="stmt"/>
      <line num="236" count="3" type="stmt"/>
      <line num="243" count="3" type="cond" truecount="4" falsecount="0"/>
      <line num="244" count="1" type="stmt"/>
      <line num="247" count="2" type="cond" truecount="4" falsecount="0"/>
      <line num="248" count="1" type="stmt"/>
      <line num="252" count="1" type="stmt"/>
      <line num="253" count="1" type="stmt"/>
      <line num="254" count="1" type="cond" truecount="1" falsecount="1"/>
      <line num="255" count="0" type="stmt"/>
      <line num="256" count="0" type="stmt"/>
      <line num="259" count="1" type="stmt"/>
      <line num="260" count="1" type="stmt"/>
      <line num="263" count="1" type="cond" truecount="1" falsecount="1"/>
      <line num="264" count="0" type="stmt"/>
      <line num="265" count="0" type="stmt"/>
      <line num="268" count="1" type="stmt"/>
      <line num="269" count="1" type="stmt"/>
      <line num="273" count="1" type="cond" truecount="1" falsecount="1"/>
      <line num="274" count="0" type="stmt"/>
      <line num="275" count="0" type="stmt"/>
      <line num="278" count="1" type="stmt"/>
      <line num="281" count="1" type="stmt"/>
      <line num="282" count="1" type="stmt"/>
      <line num="284" count="1" type="stmt"/>
      <line num="285" count="1" type="stmt"/>
      <line num="286" count="1" type="stmt"/>
      <line num="287" count="1" type="stmt"/>
      <line num="288" count="1" type="stmt"/>
      <line num="290" count="1" type="stmt"/>
      <line num="297" count="1" type="stmt"/>
      <line num="299" count="1" type="stmt"/>
      <line num="300" count="1" type="stmt"/>
      <line num="301" count="1" type="stmt"/>
      <line num="303" count="0" type="stmt"/>
      <line num="304" count="0" type="stmt"/>
      <line num="307" count="1" type="stmt"/>
      <line num="314" count="1" type="stmt"/>
      <line num="321" count="1" type="stmt"/>
      <line num="322" count="2" type="cond" truecount="1" falsecount="1"/>
      <line num="323" count="0" type="stmt"/>
      <line num="325" count="2" type="stmt"/>
      <line num="332" count="1" type="stmt"/>
      <line num="336" count="1" type="stmt"/>
      <line num="344" count="1" type="stmt"/>
      <line num="351" count="1" type="stmt"/>
      <line num="357" count="1" type="stmt"/>
      <line num="367" count="1" type="stmt"/>
      <line num="368" count="4" type="stmt"/>
      <line num="369" count="4" type="stmt"/>
      <line num="372" count="4" type="cond" truecount="7" falsecount="0"/>
      <line num="373" count="2" type="stmt"/>
      <line num="377" count="2" type="cond" truecount="1" falsecount="1"/>
      <line num="378" count="0" type="stmt"/>
      <line num="380" count="2" type="cond" truecount="1" falsecount="1"/>
      <line num="381" count="0" type="stmt"/>
      <line num="383" count="2" type="cond" truecount="3" falsecount="1"/>
      <line num="384" count="0" type="stmt"/>
      <line num="386" count="2" type="cond" truecount="1" falsecount="1"/>
      <line num="387" count="0" type="stmt"/>
      <line num="389" count="2" type="cond" truecount="1" falsecount="1"/>
      <line num="390" count="0" type="stmt"/>
      <line num="392" count="2" type="cond" truecount="1" falsecount="1"/>
      <line num="393" count="0" type="stmt"/>
      <line num="397" count="2" type="stmt"/>
      <line num="401" count="1" type="stmt"/>
      <line num="404" count="1" type="stmt"/>
      <line num="407" count="1" type="stmt"/>
      <line num="414" count="1" type="stmt"/>
      <line num="415" count="3" type="stmt"/>
      <line num="416" count="3" type="stmt"/>
      <line num="418" count="3" type="stmt"/>
      <line num="420" count="3" type="stmt"/>
      <line num="422" count="3" type="cond" truecount="1" falsecount="1"/>
      <line num="423" count="3" type="stmt"/>
      <line num="424" count="3" type="stmt"/>
      <line num="430" count="0" type="stmt"/>
      <line num="431" count="0" type="cond" truecount="0" falsecount="2"/>
      <line num="432" count="0" type="stmt"/>
      <line num="433" count="0" type="stmt"/>
      <line num="434" count="0" type="stmt"/>
      <line num="435" count="0" type="stmt"/>
      <line num="436" count="0" type="stmt"/>
      <line num="437" count="0" type="stmt"/>
      <line num="438" count="0" type="stmt"/>
      <line num="439" count="0" type="stmt"/>
      <line num="440" count="0" type="stmt"/>
      <line num="441" count="0" type="stmt"/>
      <line num="442" count="0" type="stmt"/>
      <line num="444" count="0" type="cond" truecount="0" falsecount="2"/>
      <line num="446" count="0" type="stmt"/>
      <line num="450" count="0" type="stmt"/>
      <line num="454" count="0" type="stmt"/>
      <line num="457" count="0" type="stmt"/>
      <line num="458" count="0" type="stmt"/>
      <line num="483" count="1" type="stmt"/>
      <line num="485" count="0" type="stmt"/>
      <line num="486" count="0" type="stmt"/>
      <line num="488" count="0" type="stmt"/>
      <line num="496" count="1" type="stmt"/>
      <line num="497" count="1" type="stmt"/>
      <line num="502" count="1" type="stmt"/>
    </file>
  </project>
</coverage>
