{"/Users/ojasgupta/Documents/GitHub/4353-Group-38/src/server.js": {"path":"/Users/ojasgupta/Documents/GitHub/4353-Group-38/src/server.js","statementMap":{"0":{"start":{"line":11,"column":14},"end":{"line":11,"column":31}},"1":{"start":{"line":12,"column":15},"end":{"line":12,"column":32}},"2":{"start":{"line":13,"column":0},"end":{"line":13,"column":15}},"3":{"start":{"line":16,"column":13},"end":{"line":21,"column":12}},"4":{"start":{"line":24,"column":19},"end":{"line":24,"column":58}},"5":{"start":{"line":25,"column":4},"end":{"line":25,"column":15}},"6":{"start":{"line":28,"column":18},"end":{"line":28,"column":89}},"7":{"start":{"line":29,"column":4},"end":{"line":29,"column":16}},"8":{"start":{"line":32,"column":19},"end":{"line":32,"column":244}},"9":{"start":{"line":33,"column":4},"end":{"line":33,"column":18}},"10":{"start":{"line":38,"column":17},"end":{"line":38,"column":231}},"11":{"start":{"line":39,"column":2},"end":{"line":39,"column":16}},"12":{"start":{"line":44,"column":17},"end":{"line":44,"column":85}},"13":{"start":{"line":45,"column":2},"end":{"line":45,"column":14}},"14":{"start":{"line":50,"column":17},"end":{"line":50,"column":216}},"15":{"start":{"line":51,"column":2},"end":{"line":51,"column":16}},"16":{"start":{"line":54,"column":17},"end":{"line":54,"column":94}},"17":{"start":{"line":55,"column":2},"end":{"line":55,"column":14}},"18":{"start":{"line":83,"column":16},"end":{"line":83,"column":34}},"19":{"start":{"line":84,"column":17},"end":{"line":84,"column":39}},"20":{"start":{"line":85,"column":12},"end":{"line":85,"column":28}},"21":{"start":{"line":86,"column":10},"end":{"line":86,"column":19}},"22":{"start":{"line":89,"column":0},"end":{"line":89,"column":52}},"23":{"start":{"line":90,"column":15},"end":{"line":90,"column":33}},"24":{"start":{"line":92,"column":0},"end":{"line":92,"column":27}},"25":{"start":{"line":94,"column":0},"end":{"line":94,"column":48}},"26":{"start":{"line":96,"column":13},"end":{"line":96,"column":17}},"27":{"start":{"line":98,"column":16},"end":{"line":98,"column":21}},"28":{"start":{"line":99,"column":16},"end":{"line":109,"column":3}},"29":{"start":{"line":115,"column":18},"end":{"line":115,"column":28}},"30":{"start":{"line":116,"column":14},"end":{"line":116,"column":34}},"31":{"start":{"line":117,"column":14},"end":{"line":117,"column":24}},"32":{"start":{"line":118,"column":13},"end":{"line":118,"column":22}},"33":{"start":{"line":119,"column":15},"end":{"line":119,"column":22}},"34":{"start":{"line":120,"column":13},"end":{"line":120,"column":18}},"35":{"start":{"line":121,"column":18},"end":{"line":121,"column":39}},"36":{"start":{"line":122,"column":18},"end":{"line":122,"column":24}},"37":{"start":{"line":123,"column":24},"end":{"line":123,"column":29}},"38":{"start":{"line":127,"column":0},"end":{"line":129,"column":3}},"39":{"start":{"line":128,"column":2},"end":{"line":128,"column":41}},"40":{"start":{"line":132,"column":0},"end":{"line":147,"column":3}},"41":{"start":{"line":143,"column":16},"end":{"line":143,"column":90}},"42":{"start":{"line":145,"column":17},"end":{"line":145,"column":48}},"43":{"start":{"line":150,"column":0},"end":{"line":174,"column":3}},"44":{"start":{"line":152,"column":18},"end":{"line":152,"column":35}},"45":{"start":{"line":153,"column":21},"end":{"line":153,"column":34}},"46":{"start":{"line":159,"column":21},"end":{"line":159,"column":44}},"47":{"start":{"line":160,"column":2},"end":{"line":172,"column":3}},"48":{"start":{"line":162,"column":6},"end":{"line":162,"column":39}},"49":{"start":{"line":163,"column":6},"end":{"line":163,"column":24}},"50":{"start":{"line":166,"column":6},"end":{"line":166,"column":36}},"51":{"start":{"line":168,"column":19},"end":{"line":168,"column":48}},"52":{"start":{"line":169,"column":7},"end":{"line":169,"column":69}},"53":{"start":{"line":171,"column":6},"end":{"line":171,"column":31}},"54":{"start":{"line":178,"column":0},"end":{"line":188,"column":5}},"55":{"start":{"line":180,"column":4},"end":{"line":186,"column":5}},"56":{"start":{"line":181,"column":8},"end":{"line":181,"column":30}},"57":{"start":{"line":184,"column":8},"end":{"line":184,"column":56}},"58":{"start":{"line":190,"column":2},"end":{"line":222,"column":3}},"59":{"start":{"line":191,"column":18},"end":{"line":191,"column":35}},"60":{"start":{"line":192,"column":22},"end":{"line":192,"column":39}},"61":{"start":{"line":193,"column":22},"end":{"line":193,"column":39}},"62":{"start":{"line":194,"column":16},"end":{"line":194,"column":32}},"63":{"start":{"line":195,"column":17},"end":{"line":195,"column":30}},"64":{"start":{"line":196,"column":18},"end":{"line":196,"column":32}},"65":{"start":{"line":199,"column":4},"end":{"line":199,"column":28}},"66":{"start":{"line":200,"column":4},"end":{"line":200,"column":30}},"67":{"start":{"line":201,"column":8},"end":{"line":201,"column":35}},"68":{"start":{"line":202,"column":8},"end":{"line":202,"column":30}},"69":{"start":{"line":203,"column":8},"end":{"line":203,"column":32}},"70":{"start":{"line":204,"column":8},"end":{"line":204,"column":28}},"71":{"start":{"line":206,"column":8},"end":{"line":206,"column":36}},"72":{"start":{"line":210,"column":4},"end":{"line":221,"column":3}},"73":{"start":{"line":211,"column":4},"end":{"line":211,"column":36}},"74":{"start":{"line":214,"column":4},"end":{"line":214,"column":183}},"75":{"start":{"line":216,"column":4},"end":{"line":216,"column":21}},"76":{"start":{"line":217,"column":4},"end":{"line":217,"column":26}},"77":{"start":{"line":220,"column":4},"end":{"line":220,"column":51}},"78":{"start":{"line":225,"column":21},"end":{"line":231,"column":1}},"79":{"start":{"line":234,"column":0},"end":{"line":315,"column":3}},"80":{"start":{"line":235,"column":2},"end":{"line":235,"column":39}},"81":{"start":{"line":236,"column":45},"end":{"line":236,"column":53}},"82":{"start":{"line":243,"column":2},"end":{"line":245,"column":3}},"83":{"start":{"line":244,"column":4},"end":{"line":244,"column":70}},"84":{"start":{"line":247,"column":2},"end":{"line":249,"column":3}},"85":{"start":{"line":248,"column":4},"end":{"line":248,"column":78}},"86":{"start":{"line":252,"column":26},"end":{"line":252,"column":39}},"87":{"start":{"line":253,"column":2},"end":{"line":253,"column":15}},"88":{"start":{"line":254,"column":2},"end":{"line":261,"column":3}},"89":{"start":{"line":255,"column":4},"end":{"line":255,"column":19}},"90":{"start":{"line":256,"column":4},"end":{"line":256,"column":53}},"91":{"start":{"line":259,"column":4},"end":{"line":259,"column":19}},"92":{"start":{"line":260,"column":4},"end":{"line":260,"column":57}},"93":{"start":{"line":263,"column":2},"end":{"line":270,"column":3}},"94":{"start":{"line":264,"column":4},"end":{"line":264,"column":19}},"95":{"start":{"line":265,"column":4},"end":{"line":265,"column":67}},"96":{"start":{"line":268,"column":4},"end":{"line":268,"column":19}},"97":{"start":{"line":269,"column":4},"end":{"line":269,"column":68}},"98":{"start":{"line":273,"column":2},"end":{"line":279,"column":3}},"99":{"start":{"line":274,"column":4},"end":{"line":274,"column":19}},"100":{"start":{"line":275,"column":4},"end":{"line":275,"column":66}},"101":{"start":{"line":278,"column":4},"end":{"line":278,"column":60}},"102":{"start":{"line":281,"column":25},"end":{"line":281,"column":63}},"103":{"start":{"line":282,"column":25},"end":{"line":282,"column":83}},"104":{"start":{"line":284,"column":20},"end":{"line":284,"column":43}},"105":{"start":{"line":285,"column":15},"end":{"line":285,"column":37}},"106":{"start":{"line":286,"column":16},"end":{"line":286,"column":42}},"107":{"start":{"line":287,"column":14},"end":{"line":287,"column":36}},"108":{"start":{"line":288,"column":18},"end":{"line":288,"column":44}},"109":{"start":{"line":290,"column":2},"end":{"line":296,"column":4}},"110":{"start":{"line":297,"column":2},"end":{"line":297,"column":30}},"111":{"start":{"line":299,"column":0},"end":{"line":305,"column":3}},"112":{"start":{"line":300,"column":4},"end":{"line":300,"column":120}},"113":{"start":{"line":301,"column":4},"end":{"line":301,"column":26}},"114":{"start":{"line":303,"column":4},"end":{"line":303,"column":25}},"115":{"start":{"line":304,"column":4},"end":{"line":304,"column":41}},"116":{"start":{"line":307,"column":2},"end":{"line":313,"column":4}},"117":{"start":{"line":314,"column":1},"end":{"line":314,"column":29}},"118":{"start":{"line":321,"column":0},"end":{"line":327,"column":5}},"119":{"start":{"line":322,"column":4},"end":{"line":326,"column":5}},"120":{"start":{"line":323,"column":8},"end":{"line":323,"column":39}},"121":{"start":{"line":325,"column":8},"end":{"line":325,"column":26}},"122":{"start":{"line":332,"column":0},"end":{"line":355,"column":1}},"123":{"start":{"line":336,"column":8},"end":{"line":336,"column":38}},"124":{"start":{"line":344,"column":8},"end":{"line":350,"column":10}},"125":{"start":{"line":351,"column":8},"end":{"line":351,"column":21}},"126":{"start":{"line":357,"column":19},"end":{"line":363,"column":1}},"127":{"start":{"line":367,"column":27},"end":{"line":398,"column":1}},"128":{"start":{"line":368,"column":53},"end":{"line":368,"column":61}},"129":{"start":{"line":369,"column":19},"end":{"line":369,"column":27}},"130":{"start":{"line":372,"column":0},"end":{"line":374,"column":1}},"131":{"start":{"line":373,"column":0},"end":{"line":373,"column":75}},"132":{"start":{"line":377,"column":0},"end":{"line":379,"column":1}},"133":{"start":{"line":378,"column":0},"end":{"line":378,"column":82}},"134":{"start":{"line":380,"column":0},"end":{"line":382,"column":1}},"135":{"start":{"line":381,"column":0},"end":{"line":381,"column":83}},"136":{"start":{"line":383,"column":0},"end":{"line":385,"column":1}},"137":{"start":{"line":384,"column":0},"end":{"line":384,"column":83}},"138":{"start":{"line":386,"column":0},"end":{"line":388,"column":1}},"139":{"start":{"line":387,"column":0},"end":{"line":387,"column":78}},"140":{"start":{"line":389,"column":0},"end":{"line":391,"column":1}},"141":{"start":{"line":390,"column":0},"end":{"line":390,"column":73}},"142":{"start":{"line":392,"column":0},"end":{"line":394,"column":1}},"143":{"start":{"line":393,"column":0},"end":{"line":393,"column":76}},"144":{"start":{"line":397,"column":0},"end":{"line":397,"column":7}},"145":{"start":{"line":401,"column":0},"end":{"line":409,"column":3}},"146":{"start":{"line":404,"column":63},"end":{"line":404,"column":71}},"147":{"start":{"line":407,"column":0},"end":{"line":407,"column":41}},"148":{"start":{"line":414,"column":0},"end":{"line":462,"column":3}},"149":{"start":{"line":415,"column":19},"end":{"line":415,"column":41}},"150":{"start":{"line":416,"column":19},"end":{"line":416,"column":41}},"151":{"start":{"line":418,"column":2},"end":{"line":459,"column":3}},"152":{"start":{"line":420,"column":17},"end":{"line":420,"column":40}},"153":{"start":{"line":422,"column":4},"end":{"line":425,"column":5}},"154":{"start":{"line":423,"column":6},"end":{"line":423,"column":66}},"155":{"start":{"line":424,"column":6},"end":{"line":424,"column":54}},"156":{"start":{"line":430,"column":20},"end":{"line":430,"column":68}},"157":{"start":{"line":431,"column":4},"end":{"line":455,"column":5}},"158":{"start":{"line":432,"column":6},"end":{"line":432,"column":23}},"159":{"start":{"line":433,"column":6},"end":{"line":433,"column":44}},"160":{"start":{"line":434,"column":6},"end":{"line":434,"column":41}},"161":{"start":{"line":435,"column":6},"end":{"line":435,"column":39}},"162":{"start":{"line":436,"column":6},"end":{"line":436,"column":40}},"163":{"start":{"line":437,"column":6},"end":{"line":437,"column":36}},"164":{"start":{"line":438,"column":6},"end":{"line":438,"column":38}},"165":{"start":{"line":439,"column":6},"end":{"line":439,"column":34}},"166":{"start":{"line":440,"column":6},"end":{"line":440,"column":55}},"167":{"start":{"line":441,"column":6},"end":{"line":441,"column":58}},"168":{"start":{"line":442,"column":6},"end":{"line":442,"column":41}},"169":{"start":{"line":444,"column":6},"end":{"line":451,"column":7}},"170":{"start":{"line":446,"column":8},"end":{"line":446,"column":30}},"171":{"start":{"line":450,"column":8},"end":{"line":450,"column":56}},"172":{"start":{"line":454,"column":6},"end":{"line":454,"column":83}},"173":{"start":{"line":457,"column":4},"end":{"line":457,"column":25}},"174":{"start":{"line":458,"column":4},"end":{"line":458,"column":57}},"175":{"start":{"line":483,"column":0},"end":{"line":489,"column":3}},"176":{"start":{"line":485,"column":0},"end":{"line":485,"column":15}},"177":{"start":{"line":486,"column":0},"end":{"line":486,"column":18}},"178":{"start":{"line":488,"column":0},"end":{"line":488,"column":18}},"179":{"start":{"line":496,"column":0},"end":{"line":498,"column":3}},"180":{"start":{"line":497,"column":2},"end":{"line":497,"column":55}},"181":{"start":{"line":502,"column":0},"end":{"line":515,"column":2}}},"fnMap":{"0":{"name":"getUsers","decl":{"start":{"line":23,"column":15},"end":{"line":23,"column":23}},"loc":{"start":{"line":23,"column":25},"end":{"line":26,"column":1}},"line":23},"1":{"name":"getUser","decl":{"start":{"line":27,"column":16},"end":{"line":27,"column":23}},"loc":{"start":{"line":27,"column":33},"end":{"line":30,"column":1}},"line":27},"2":{"name":"createUser","decl":{"start":{"line":31,"column":15},"end":{"line":31,"column":25}},"loc":{"start":{"line":31,"column":100},"end":{"line":34,"column":1}},"line":31},"3":{"name":"updateUser","decl":{"start":{"line":37,"column":15},"end":{"line":37,"column":25}},"loc":{"start":{"line":37,"column":89},"end":{"line":40,"column":1}},"line":37},"4":{"name":"getUserQuotes","decl":{"start":{"line":43,"column":15},"end":{"line":43,"column":28}},"loc":{"start":{"line":43,"column":38},"end":{"line":46,"column":1}},"line":43},"5":{"name":"addQuote","decl":{"start":{"line":49,"column":15},"end":{"line":49,"column":23}},"loc":{"start":{"line":49,"column":91},"end":{"line":52,"column":1}},"line":49},"6":{"name":"getUserQuotesDate","decl":{"start":{"line":53,"column":15},"end":{"line":53,"column":32}},"loc":{"start":{"line":53,"column":42},"end":{"line":56,"column":1}},"line":53},"7":{"name":"(anonymous_7)","decl":{"start":{"line":127,"column":13},"end":{"line":127,"column":14}},"loc":{"start":{"line":127,"column":27},"end":{"line":129,"column":1}},"line":127},"8":{"name":"(anonymous_8)","decl":{"start":{"line":132,"column":19},"end":{"line":132,"column":20}},"loc":{"start":{"line":132,"column":39},"end":{"line":147,"column":1}},"line":132},"9":{"name":"(anonymous_9)","decl":{"start":{"line":150,"column":17},"end":{"line":150,"column":18}},"loc":{"start":{"line":150,"column":37},"end":{"line":174,"column":1}},"line":150},"10":{"name":"(anonymous_10)","decl":{"start":{"line":178,"column":20},"end":{"line":178,"column":21}},"loc":{"start":{"line":178,"column":34},"end":{"line":188,"column":3}},"line":178},"11":{"name":"(anonymous_11)","decl":{"start":{"line":190,"column":23},"end":{"line":190,"column":24}},"loc":{"start":{"line":190,"column":43},"end":{"line":222,"column":1}},"line":190},"12":{"name":"(anonymous_12)","decl":{"start":{"line":234,"column":23},"end":{"line":234,"column":24}},"loc":{"start":{"line":234,"column":43},"end":{"line":315,"column":1}},"line":234},"13":{"name":"(anonymous_13)","decl":{"start":{"line":321,"column":17},"end":{"line":321,"column":18}},"loc":{"start":{"line":321,"column":31},"end":{"line":327,"column":3}},"line":321},"14":{"name":"(anonymous_14)","decl":{"start":{"line":334,"column":22},"end":{"line":334,"column":23}},"loc":{"start":{"line":334,"column":36},"end":{"line":352,"column":5}},"line":334},"15":{"name":"(anonymous_15)","decl":{"start":{"line":367,"column":27},"end":{"line":367,"column":28}},"loc":{"start":{"line":367,"column":47},"end":{"line":398,"column":1}},"line":367},"16":{"name":"(anonymous_16)","decl":{"start":{"line":401,"column":45},"end":{"line":401,"column":46}},"loc":{"start":{"line":401,"column":59},"end":{"line":409,"column":1}},"line":401},"17":{"name":"(anonymous_17)","decl":{"start":{"line":414,"column":19},"end":{"line":414,"column":20}},"loc":{"start":{"line":414,"column":39},"end":{"line":462,"column":1}},"line":414},"18":{"name":"(anonymous_18)","decl":{"start":{"line":483,"column":20},"end":{"line":483,"column":21}},"loc":{"start":{"line":483,"column":34},"end":{"line":489,"column":1}},"line":483},"19":{"name":"(anonymous_19)","decl":{"start":{"line":496,"column":17},"end":{"line":496,"column":18}},"loc":{"start":{"line":496,"column":23},"end":{"line":498,"column":1}},"line":496}},"branchMap":{"0":{"loc":{"start":{"line":160,"column":2},"end":{"line":172,"column":3}},"type":"if","locations":[{"start":{"line":160,"column":2},"end":{"line":172,"column":3}},{"start":{"line":164,"column":9},"end":{"line":172,"column":3}}],"line":160},"1":{"loc":{"start":{"line":180,"column":4},"end":{"line":186,"column":5}},"type":"if","locations":[{"start":{"line":180,"column":4},"end":{"line":186,"column":5}},{"start":{"line":183,"column":8},"end":{"line":186,"column":5}}],"line":180},"2":{"loc":{"start":{"line":210,"column":4},"end":{"line":221,"column":3}},"type":"if","locations":[{"start":{"line":210,"column":4},"end":{"line":221,"column":3}},{"start":{"line":218,"column":9},"end":{"line":221,"column":3}}],"line":210},"3":{"loc":{"start":{"line":210,"column":8},"end":{"line":210,"column":50}},"type":"binary-expr","locations":[{"start":{"line":210,"column":8},"end":{"line":210,"column":13}},{"start":{"line":210,"column":17},"end":{"line":210,"column":26}},{"start":{"line":210,"column":30},"end":{"line":210,"column":33}},{"start":{"line":210,"column":37},"end":{"line":210,"column":41}},{"start":{"line":210,"column":45},"end":{"line":210,"column":50}}],"line":210},"4":{"loc":{"start":{"line":243,"column":2},"end":{"line":245,"column":3}},"type":"if","locations":[{"start":{"line":243,"column":2},"end":{"line":245,"column":3}},{"start":{},"end":{}}],"line":243},"5":{"loc":{"start":{"line":243,"column":6},"end":{"line":243,"column":50}},"type":"binary-expr","locations":[{"start":{"line":243,"column":6},"end":{"line":243,"column":23}},{"start":{"line":243,"column":27},"end":{"line":243,"column":50}}],"line":243},"6":{"loc":{"start":{"line":247,"column":2},"end":{"line":249,"column":3}},"type":"if","locations":[{"start":{"line":247,"column":2},"end":{"line":249,"column":3}},{"start":{},"end":{}}],"line":247},"7":{"loc":{"start":{"line":247,"column":6},"end":{"line":247,"column":64}},"type":"binary-expr","locations":[{"start":{"line":247,"column":6},"end":{"line":247,"column":19}},{"start":{"line":247,"column":23},"end":{"line":247,"column":64}}],"line":247},"8":{"loc":{"start":{"line":254,"column":2},"end":{"line":261,"column":3}},"type":"if","locations":[{"start":{"line":254,"column":2},"end":{"line":261,"column":3}},{"start":{"line":258,"column":6},"end":{"line":261,"column":3}}],"line":254},"9":{"loc":{"start":{"line":263,"column":2},"end":{"line":270,"column":3}},"type":"if","locations":[{"start":{"line":263,"column":2},"end":{"line":270,"column":3}},{"start":{"line":267,"column":6},"end":{"line":270,"column":3}}],"line":263},"10":{"loc":{"start":{"line":273,"column":2},"end":{"line":279,"column":3}},"type":"if","locations":[{"start":{"line":273,"column":2},"end":{"line":279,"column":3}},{"start":{"line":277,"column":6},"end":{"line":279,"column":3}}],"line":273},"11":{"loc":{"start":{"line":322,"column":4},"end":{"line":326,"column":5}},"type":"if","locations":[{"start":{"line":322,"column":4},"end":{"line":326,"column":5}},{"start":{"line":324,"column":11},"end":{"line":326,"column":5}}],"line":322},"12":{"loc":{"start":{"line":372,"column":0},"end":{"line":374,"column":1}},"type":"if","locations":[{"start":{"line":372,"column":0},"end":{"line":374,"column":1}},{"start":{},"end":{}}],"line":372},"13":{"loc":{"start":{"line":372,"column":4},"end":{"line":372,"column":57}},"type":"binary-expr","locations":[{"start":{"line":372,"column":4},"end":{"line":372,"column":13}},{"start":{"line":372,"column":17},"end":{"line":372,"column":26}},{"start":{"line":372,"column":30},"end":{"line":372,"column":35}},{"start":{"line":372,"column":39},"end":{"line":372,"column":45}},{"start":{"line":372,"column":49},"end":{"line":372,"column":57}}],"line":372},"14":{"loc":{"start":{"line":377,"column":0},"end":{"line":379,"column":1}},"type":"if","locations":[{"start":{"line":377,"column":0},"end":{"line":379,"column":1}},{"start":{},"end":{}}],"line":377},"15":{"loc":{"start":{"line":380,"column":0},"end":{"line":382,"column":1}},"type":"if","locations":[{"start":{"line":380,"column":0},"end":{"line":382,"column":1}},{"start":{},"end":{}}],"line":380},"16":{"loc":{"start":{"line":383,"column":0},"end":{"line":385,"column":1}},"type":"if","locations":[{"start":{"line":383,"column":0},"end":{"line":385,"column":1}},{"start":{},"end":{}}],"line":383},"17":{"loc":{"start":{"line":383,"column":4},"end":{"line":383,"column":37}},"type":"binary-expr","locations":[{"start":{"line":383,"column":4},"end":{"line":383,"column":12}},{"start":{"line":383,"column":16},"end":{"line":383,"column":37}}],"line":383},"18":{"loc":{"start":{"line":386,"column":0},"end":{"line":388,"column":1}},"type":"if","locations":[{"start":{"line":386,"column":0},"end":{"line":388,"column":1}},{"start":{},"end":{}}],"line":386},"19":{"loc":{"start":{"line":389,"column":0},"end":{"line":391,"column":1}},"type":"if","locations":[{"start":{"line":389,"column":0},"end":{"line":391,"column":1}},{"start":{},"end":{}}],"line":389},"20":{"loc":{"start":{"line":392,"column":0},"end":{"line":394,"column":1}},"type":"if","locations":[{"start":{"line":392,"column":0},"end":{"line":394,"column":1}},{"start":{},"end":{}}],"line":392},"21":{"loc":{"start":{"line":422,"column":4},"end":{"line":425,"column":5}},"type":"if","locations":[{"start":{"line":422,"column":4},"end":{"line":425,"column":5}},{"start":{},"end":{}}],"line":422},"22":{"loc":{"start":{"line":431,"column":4},"end":{"line":455,"column":5}},"type":"if","locations":[{"start":{"line":431,"column":4},"end":{"line":455,"column":5}},{"start":{"line":453,"column":11},"end":{"line":455,"column":5}}],"line":431},"23":{"loc":{"start":{"line":444,"column":6},"end":{"line":451,"column":7}},"type":"if","locations":[{"start":{"line":444,"column":6},"end":{"line":451,"column":7}},{"start":{"line":448,"column":10},"end":{"line":451,"column":7}}],"line":444}},"s":{"0":1,"1":1,"2":1,"3":1,"4":1,"5":1,"6":7,"7":7,"8":1,"9":0,"10":2,"11":2,"12":1,"13":1,"14":2,"15":2,"16":1,"17":1,"18":1,"19":1,"20":1,"21":1,"22":1,"23":1,"24":1,"25":1,"26":1,"27":1,"28":1,"29":1,"30":1,"31":1,"32":1,"33":1,"34":1,"35":1,"36":1,"37":1,"38":1,"39":2,"40":1,"41":0,"42":0,"43":1,"44":3,"45":3,"46":3,"47":3,"48":3,"49":3,"50":0,"51":0,"52":0,"53":0,"54":1,"55":2,"56":0,"57":2,"58":1,"59":2,"60":2,"61":2,"62":2,"63":2,"64":2,"65":2,"66":2,"67":2,"68":2,"69":2,"70":2,"71":2,"72":2,"73":1,"74":1,"75":1,"76":1,"77":1,"78":1,"79":1,"80":3,"81":3,"82":3,"83":1,"84":2,"85":1,"86":1,"87":1,"88":1,"89":0,"90":0,"91":1,"92":1,"93":1,"94":0,"95":0,"96":1,"97":1,"98":1,"99":0,"100":0,"101":1,"102":1,"103":1,"104":1,"105":1,"106":1,"107":1,"108":1,"109":1,"110":1,"111":1,"112":1,"113":1,"114":0,"115":0,"116":1,"117":1,"118":1,"119":2,"120":0,"121":2,"122":1,"123":1,"124":1,"125":1,"126":1,"127":1,"128":4,"129":4,"130":4,"131":2,"132":2,"133":0,"134":2,"135":0,"136":2,"137":0,"138":2,"139":0,"140":2,"141":0,"142":2,"143":0,"144":2,"145":1,"146":1,"147":1,"148":1,"149":3,"150":3,"151":3,"152":3,"153":3,"154":3,"155":3,"156":0,"157":0,"158":0,"159":0,"160":0,"161":0,"162":0,"163":0,"164":0,"165":0,"166":0,"167":0,"168":0,"169":0,"170":0,"171":0,"172":0,"173":0,"174":0,"175":1,"176":0,"177":0,"178":0,"179":1,"180":1,"181":1},"f":{"0":1,"1":7,"2":1,"3":2,"4":1,"5":2,"6":1,"7":2,"8":0,"9":3,"10":2,"11":2,"12":3,"13":2,"14":1,"15":4,"16":1,"17":3,"18":0,"19":1},"b":{"0":[3,0],"1":[0,2],"2":[1,1],"3":[2,2,2,1,1],"4":[1,2],"5":[3,3],"6":[1,1],"7":[2,2],"8":[0,1],"9":[0,1],"10":[0,1],"11":[0,2],"12":[2,2],"13":[4,3,2,2,2],"14":[0,2],"15":[0,2],"16":[0,2],"17":[2,1],"18":[0,2],"19":[0,2],"20":[0,2],"21":[3,0],"22":[0,0],"23":[0,0]},"_coverageSchema":"1a1c01bbd47fc00a2c39e90264f33305004495a9","hash":"b1151ace1bdcabd38803b3280d64fe747e6caaae"}
}
