TN:
SF:src/server.js
FN:23,getUsers
FN:27,getUser
FN:31,createUser
FN:37,updateUser
FN:43,getUserQuotes
FN:49,addQuote
FN:53,getUserQuotesDate
FN:127,(anonymous_7)
FN:132,(anonymous_8)
FN:150,(anonymous_9)
FN:178,(anonymous_10)
FN:190,(anonymous_11)
FN:234,(anonymous_12)
FN:321,(anonymous_13)
FN:334,(anonymous_14)
FN:367,(anonymous_15)
FN:401,(anonymous_16)
FN:414,(anonymous_17)
FN:483,(anonymous_18)
FN:496,(anonymous_19)
FNF:20
FNH:18
FNDA:1,getUsers
FNDA:7,getUser
FNDA:1,createUser
FNDA:2,updateUser
FNDA:1,getUserQuotes
FNDA:2,addQuote
FNDA:1,getUserQuotesDate
FNDA:2,(anonymous_7)
FNDA:0,(anonymous_8)
FNDA:3,(anonymous_9)
FNDA:2,(anonymous_10)
FNDA:2,(anonymous_11)
FNDA:3,(anonymous_12)
FNDA:2,(anonymous_13)
FNDA:1,(anonymous_14)
FNDA:4,(anonymous_15)
FNDA:1,(anonymous_16)
FNDA:3,(anonymous_17)
FNDA:0,(anonymous_18)
FNDA:1,(anonymous_19)
DA:11,1
DA:12,1
DA:13,1
DA:16,1
DA:24,1
DA:25,1
DA:28,7
DA:29,7
DA:32,1
DA:33,0
DA:38,2
DA:39,2
DA:44,1
DA:45,1
DA:50,2
DA:51,2
DA:54,1
DA:55,1
DA:83,1
DA:84,1
DA:85,1
DA:86,1
DA:89,1
DA:90,1
DA:92,1
DA:94,1
DA:96,1
DA:98,1
DA:99,1
DA:115,1
DA:116,1
DA:117,1
DA:118,1
DA:119,1
DA:120,1
DA:121,1
DA:122,1
DA:123,1
DA:127,1
DA:128,2
DA:132,1
DA:143,0
DA:145,0
DA:150,1
DA:152,3
DA:153,3
DA:159,3
DA:160,3
DA:162,3
DA:163,3
DA:166,0
DA:168,0
DA:169,0
DA:171,0
DA:178,1
DA:180,2
DA:181,0
DA:184,2
DA:190,1
DA:191,2
DA:192,2
DA:193,2
DA:194,2
DA:195,2
DA:196,2
DA:199,2
DA:200,2
DA:201,2
DA:202,2
DA:203,2
DA:204,2
DA:206,2
DA:210,2
DA:211,1
DA:214,1
DA:216,1
DA:217,1
DA:220,1
DA:225,1
DA:234,1
DA:235,3
DA:236,3
DA:243,3
DA:244,1
DA:247,2
DA:248,1
DA:252,1
DA:253,1
DA:254,1
DA:255,0
DA:256,0
DA:259,1
DA:260,1
DA:263,1
DA:264,0
DA:265,0
DA:268,1
DA:269,1
DA:273,1
DA:274,0
DA:275,0
DA:278,1
DA:281,1
DA:282,1
DA:284,1
DA:285,1
DA:286,1
DA:287,1
DA:288,1
DA:290,1
DA:297,1
DA:299,1
DA:300,1
DA:301,1
DA:303,0
DA:304,0
DA:307,1
DA:314,1
DA:321,1
DA:322,2
DA:323,0
DA:325,2
DA:332,1
DA:336,1
DA:344,1
DA:351,1
DA:357,1
DA:367,1
DA:368,4
DA:369,4
DA:372,4
DA:373,2
DA:377,2
DA:378,0
DA:380,2
DA:381,0
DA:383,2
DA:384,0
DA:386,2
DA:387,0
DA:389,2
DA:390,0
DA:392,2
DA:393,0
DA:397,2
DA:401,1
DA:404,1
DA:407,1
DA:414,1
DA:415,3
DA:416,3
DA:418,3
DA:420,3
DA:422,3
DA:423,3
DA:424,3
DA:430,0
DA:431,0
DA:432,0
DA:433,0
DA:434,0
DA:435,0
DA:436,0
DA:437,0
DA:438,0
DA:439,0
DA:440,0
DA:441,0
DA:442,0
DA:444,0
DA:446,0
DA:450,0
DA:454,0
DA:457,0
DA:458,0
DA:483,1
DA:485,0
DA:486,0
DA:488,0
DA:496,1
DA:497,1
DA:502,1
LF:182
LH:137
BRDA:160,0,0,3
BRDA:160,0,1,0
BRDA:180,1,0,0
BRDA:180,1,1,2
BRDA:210,2,0,1
BRDA:210,2,1,1
BRDA:210,3,0,2
BRDA:210,3,1,2
BRDA:210,3,2,2
BRDA:210,3,3,1
BRDA:210,3,4,1
BRDA:243,4,0,1
BRDA:243,4,1,2
BRDA:243,5,0,3
BRDA:243,5,1,3
BRDA:247,6,0,1
BRDA:247,6,1,1
BRDA:247,7,0,2
BRDA:247,7,1,2
BRDA:254,8,0,0
BRDA:254,8,1,1
BRDA:263,9,0,0
BRDA:263,9,1,1
BRDA:273,10,0,0
BRDA:273,10,1,1
BRDA:322,11,0,0
BRDA:322,11,1,2
BRDA:372,12,0,2
BRDA:372,12,1,2
BRDA:372,13,0,4
BRDA:372,13,1,3
BRDA:372,13,2,2
BRDA:372,13,3,2
BRDA:372,13,4,2
BRDA:377,14,0,0
BRDA:377,14,1,2
BRDA:380,15,0,0
BRDA:380,15,1,2
BRDA:383,16,0,0
BRDA:383,16,1,2
BRDA:383,17,0,2
BRDA:383,17,1,1
BRDA:386,18,0,0
BRDA:386,18,1,2
BRDA:389,19,0,0
BRDA:389,19,1,2
BRDA:392,20,0,0
BRDA:392,20,1,2
BRDA:422,21,0,3
BRDA:422,21,1,0
BRDA:431,22,0,0
BRDA:431,22,1,0
BRDA:444,23,0,0
BRDA:444,23,1,0
BRF:54
BRH:37
end_of_record
